[ 2014-06-15T11:11:05+08:00 ] 127.0.0.1 /PKM/Public/answer
INFO: [ app_begin ] --START--
INFO: Run Behavior\ReadHtmlCacheBehavior [ RunTime:0.003000s ]
INFO: [ app_begin ] --END-- [ RunTime:0.004000s ]
SQL: DESCRIBE pkm_ans [ RunTime:0.011001s ]
SQL: SELECT * FROM `pkm_ans` WHERE ( `qusid` = 8 ) ORDER BY date asc LIMIT 5,5   [ RunTime:0.002000s ]
INFO: [ app_end ] --START--
INFO: Run Behavior\ShowPageTraceBehavior [ RunTime:0.003000s ]
INFO: [ app_end ] --END-- [ RunTime:0.003000s ]

[ 2014-06-15T11:11:09+08:00 ] 127.0.0.1 /PKM/Public/answer
INFO: [ app_begin ] --START--
INFO: Run Behavior\ReadHtmlCacheBehavior [ RunTime:0.002000s ]
INFO: [ app_begin ] --END-- [ RunTime:0.004001s ]
SQL: DESCRIBE pkm_ans [ RunTime:0.011000s ]
SQL: SELECT * FROM `pkm_ans` WHERE ( `qusid` = 8 ) ORDER BY date asc LIMIT 10,5   [ RunTime:0.001000s ]

[ 2014-06-15T11:32:43+08:00 ] 127.0.0.1 /PKM/Public/answer
INFO: [ app_begin ] --START--
INFO: Run Behavior\ReadHtmlCacheBehavior [ RunTime:0.003000s ]
INFO: [ app_begin ] --END-- [ RunTime:0.005000s ]
SQL: DESCRIBE pkm_ans [ RunTime:0.015001s ]
SQL: SELECT * FROM `pkm_ans` WHERE ( `qusid` = 8 ) ORDER BY date asc LIMIT 5,5   [ RunTime:0.002000s ]
INFO: [ app_end ] --START--
INFO: Run Behavior\ShowPageTraceBehavior [ RunTime:0.002000s ]
INFO: [ app_end ] --END-- [ RunTime:0.003000s ]

[ 2014-06-15T11:32:45+08:00 ] 127.0.0.1 /PKM/Public/answer
INFO: [ app_begin ] --START--
INFO: Run Behavior\ReadHtmlCacheBehavior [ RunTime:0.003000s ]
INFO: [ app_begin ] --END-- [ RunTime:0.004000s ]
SQL: DESCRIBE pkm_ans [ RunTime:0.016001s ]
SQL: SELECT * FROM `pkm_ans` WHERE ( `qusid` = 8 ) ORDER BY date asc LIMIT 10,5   [ RunTime:0.002000s ]

[ 2014-06-15T12:14:24+08:00 ] 127.0.0.1 /PKM/Public/post4
INFO: [ app_begin ] --START--
INFO: Run Behavior\ReadHtmlCacheBehavior [ RunTime:0.004000s ]
INFO: [ app_begin ] --END-- [ RunTime:0.006000s ]

[ 2014-06-15T12:14:38+08:00 ] 127.0.0.1 /PKM/Check/is_login
INFO: [ app_begin ] --START--
INFO: Run Behavior\ReadHtmlCacheBehavior [ RunTime:0.004000s ]
INFO: [ app_begin ] --END-- [ RunTime:0.006000s ]
SQL: DESCRIBE pkm_user [ RunTime:0.015001s ]
SQL: SELECT `id`,`user`,`pass` FROM `pkm_user` WHERE ( `user` = 'admin' ) AND ( `pass` = '05fe7461c607c33229772d402505601016a7d0ea' ) LIMIT 1   [ RunTime:0.002000s ]
INFO: [ app_end ] --START--
INFO: Run Behavior\ShowPageTraceBehavior [ RunTime:0.003000s ]
INFO: [ app_end ] --END-- [ RunTime:0.004000s ]

[ 2014-06-15T12:14:49+08:00 ] 127.0.0.1 /PKM/Public/post4
INFO: [ app_begin ] --START--
INFO: Run Behavior\ReadHtmlCacheBehavior [ RunTime:0.003000s ]
INFO: [ app_begin ] --END-- [ RunTime:0.005000s ]
SQL: DESCRIBE pkm_ans [ RunTime:0.015001s ]
SQL: INSERT INTO `pkm_ans` (`qusid`,`content`,`date`,`uid`,`user`) VALUES (6,'静安寺','2014-06-15 12:14:49',15,'admin') [ RunTime:0.082005s ]

