[ 2014-06-12T00:08:48+08:00 ] 127.0.0.1 /PKM/index.php/Check/is_user
INFO: [ app_begin ] --START--
INFO: Run Behavior\ReadHtmlCacheBehavior [ RunTime:0.003000s ]
INFO: [ app_begin ] --END-- [ RunTime:0.005000s ]
SQL: DESCRIBE pkm_user [ RunTime:0.015001s ]
INFO: [ app_end ] --START--
INFO: Run Behavior\ShowPageTraceBehavior [ RunTime:0.002000s ]
INFO: [ app_end ] --END-- [ RunTime:0.004000s ]

[ 2014-06-12T00:09:17+08:00 ] 127.0.0.1 /PKM/index.php/Check/is_user
INFO: [ app_begin ] --START--
INFO: Run Behavior\ReadHtmlCacheBehavior [ RunTime:0.003000s ]
INFO: [ app_begin ] --END-- [ RunTime:0.004000s ]
SQL: DESCRIBE pkm_user [ RunTime:0.015000s ]
INFO: [ app_end ] --START--
INFO: Run Behavior\ShowPageTraceBehavior [ RunTime:0.003000s ]
INFO: [ app_end ] --END-- [ RunTime:0.003000s ]

[ 2014-06-12T00:11:06+08:00 ] 127.0.0.1 /PKM/index.php/Check/is_user
INFO: [ app_begin ] --START--
INFO: Run Behavior\ReadHtmlCacheBehavior [ RunTime:0.003000s ]
INFO: [ app_begin ] --END-- [ RunTime:0.006000s ]
SQL: DESCRIBE pkm_user [ RunTime:0.014001s ]
INFO: [ app_end ] --START--
INFO: Run Behavior\ShowPageTraceBehavior [ RunTime:0.004001s ]
INFO: [ app_end ] --END-- [ RunTime:0.004001s ]

[ 2014-06-12T00:11:28+08:00 ] 127.0.0.1 /PKM/index.php/Check/is_user
INFO: [ app_begin ] --START--
INFO: Run Behavior\ReadHtmlCacheBehavior [ RunTime:0.003001s ]
INFO: [ app_begin ] --END-- [ RunTime:0.005001s ]
SQL: DESCRIBE pkm_user [ RunTime:0.016001s ]
SQL: SELECT * FROM `pkm_user` WHERE ( `user` = 'admin' ) LIMIT 1   [ RunTime:0.001001s ]

[ 2014-06-12T00:11:33+08:00 ] 127.0.0.1 /PKM/index.php/Check/is_user
INFO: [ app_begin ] --START--
INFO: Run Behavior\ReadHtmlCacheBehavior [ RunTime:0.003000s ]
INFO: [ app_begin ] --END-- [ RunTime:0.010000s ]
SQL: DESCRIBE pkm_user [ RunTime:0.014000s ]
SQL: SELECT * FROM `pkm_user` WHERE ( `user` = 'admin' ) LIMIT 1   [ RunTime:0.002000s ]

[ 2014-06-12T00:12:19+08:00 ] 127.0.0.1 /PKM/index.php/Check/is_user
INFO: [ app_begin ] --START--
INFO: Run Behavior\ReadHtmlCacheBehavior [ RunTime:0.003000s ]
INFO: [ app_begin ] --END-- [ RunTime:0.008000s ]
SQL: DESCRIBE pkm_user [ RunTime:0.014001s ]
SQL: SELECT COUNT(*) AS tp_count FROM `pkm_user` WHERE ( `user` = 'admin' ) LIMIT 1   [ RunTime:0.002000s ]

[ 2014-06-12T00:12:26+08:00 ] 127.0.0.1 /PKM/index.php/Check/is_user
INFO: [ app_begin ] --START--
INFO: Run Behavior\ReadHtmlCacheBehavior [ RunTime:0.002000s ]
INFO: [ app_begin ] --END-- [ RunTime:0.004000s ]
SQL: DESCRIBE pkm_user [ RunTime:0.015000s ]
SQL: SELECT COUNT(*) AS tp_count FROM `pkm_user` WHERE ( `user` = 'root' ) LIMIT 1   [ RunTime:0.002000s ]

[ 2014-06-12T00:12:28+08:00 ] 127.0.0.1 /PKM/index.php/Check/is_user
INFO: [ app_begin ] --START--
INFO: Run Behavior\ReadHtmlCacheBehavior [ RunTime:0.002001s ]
INFO: [ app_begin ] --END-- [ RunTime:0.004001s ]
SQL: DESCRIBE pkm_user [ RunTime:0.017001s ]
SQL: SELECT COUNT(*) AS tp_count FROM `pkm_user` WHERE ( `user` = 'root' ) LIMIT 1   [ RunTime:0.002001s ]

[ 2014-06-12T00:12:48+08:00 ] 127.0.0.1 /PKM/index.php/Check/is_user
INFO: [ app_begin ] --START--
INFO: Run Behavior\ReadHtmlCacheBehavior [ RunTime:0.002000s ]
INFO: [ app_begin ] --END-- [ RunTime:0.004000s ]
SQL: DESCRIBE pkm_user [ RunTime:0.014000s ]
SQL: SELECT COUNT(*) AS tp_count FROM `pkm_user` WHERE ( `user` = 'sad' ) LIMIT 1   [ RunTime:0.002000s ]
INFO: [ app_end ] --START--
INFO: Run Behavior\ShowPageTraceBehavior [ RunTime:0.003000s ]
INFO: [ app_end ] --END-- [ RunTime:0.003000s ]

[ 2014-06-12T00:14:27+08:00 ] 127.0.0.1 /PKM/index.php/Check/is_login
INFO: [ app_begin ] --START--
INFO: Run Behavior\ReadHtmlCacheBehavior [ RunTime:0.003000s ]
INFO: [ app_begin ] --END-- [ RunTime:0.004000s ]
SQL: DESCRIBE pkm_user [ RunTime:0.016001s ]
SQL: SELECT COUNT(*) AS tp_count FROM `pkm_user` WHERE ( `user` = 'admin' ) AND ( `pass` = '05fe7461c607c33229772d402505601016a7d0ea' ) LIMIT 1   [ RunTime:0.002000s ]
INFO: [ app_end ] --START--
INFO: Run Behavior\ShowPageTraceBehavior [ RunTime:0.003000s ]
INFO: [ app_end ] --END-- [ RunTime:0.003000s ]

[ 2014-06-12T00:37:34+08:00 ] 127.0.0.1 /PKM/index.php/Home/Ask
ERR: XML标签语法错误 : name={$Think.cookie.user}

[ 2014-06-12T00:39:29+08:00 ] 127.0.0.1 /PKM/index.php/Check/is_login
INFO: [ app_begin ] --START--
INFO: Run Behavior\ReadHtmlCacheBehavior [ RunTime:0.002000s ]
INFO: [ app_begin ] --END-- [ RunTime:0.004000s ]
SQL: DESCRIBE pkm_user [ RunTime:0.017001s ]
SQL: SELECT COUNT(*) AS tp_count FROM `pkm_user` WHERE ( `user` = 'admin' ) AND ( `pass` = '05fe7461c607c33229772d402505601016a7d0ea' ) LIMIT 1   [ RunTime:0.001000s ]
INFO: [ app_end ] --START--
INFO: Run Behavior\ShowPageTraceBehavior [ RunTime:0.003000s ]
INFO: [ app_end ] --END-- [ RunTime:0.003000s ]

[ 2014-06-12T00:47:45+08:00 ] 127.0.0.1 /PKM/index.php/Check/is_login
INFO: [ app_begin ] --START--
INFO: Run Behavior\ReadHtmlCacheBehavior [ RunTime:0.003000s ]
INFO: [ app_begin ] --END-- [ RunTime:0.006000s ]
SQL: DESCRIBE pkm_user [ RunTime:0.016001s ]
SQL: SELECT COUNT(*) AS tp_count FROM `pkm_user` WHERE ( `user` = 'admin' ) AND ( `pass` = '05fe7461c607c33229772d402505601016a7d0ea' ) LIMIT 1   [ RunTime:0.002000s ]
INFO: [ app_end ] --START--
INFO: Run Behavior\ShowPageTraceBehavior [ RunTime:0.003000s ]
INFO: [ app_end ] --END-- [ RunTime:0.003000s ]

[ 2014-06-12T00:52:14+08:00 ] 127.0.0.1 /PKM/Check/is_login
INFO: [ app_begin ] --START--
INFO: Run Behavior\ReadHtmlCacheBehavior [ RunTime:0.002000s ]
INFO: [ app_begin ] --END-- [ RunTime:0.004000s ]
SQL: DESCRIBE pkm_user [ RunTime:0.016001s ]
SQL: SELECT COUNT(*) AS tp_count FROM `pkm_user` WHERE ( `user` = 'admin' ) AND ( `pass` = '05fe7461c607c33229772d402505601016a7d0ea' ) LIMIT 1   [ RunTime:0.002000s ]

[ 2014-06-12T00:52:14+08:00 ] 127.0.0.1 /PKM/index.php/PKM/index.php/Check/is_login.html.html
INFO: [ app_begin ] --START--
INFO: Run Behavior\ReadHtmlCacheBehavior [ RunTime:0.002000s ]
INFO: [ app_begin ] --END-- [ RunTime:0.004000s ]
ERR: 无法加载控制器:PKM

[ 2014-06-12T00:55:02+08:00 ] 127.0.0.1 /PKM/index.php/Check/is_login
INFO: [ app_begin ] --START--
INFO: Run Behavior\ReadHtmlCacheBehavior [ RunTime:0.002000s ]
INFO: [ app_begin ] --END-- [ RunTime:0.004000s ]
SQL: DESCRIBE pkm_user [ RunTime:0.017001s ]
SQL: SELECT COUNT(*) AS tp_count FROM `pkm_user` WHERE ( `user` = 'admin' ) AND ( `pass` = '05fe7461c607c33229772d402505601016a7d0ea' ) LIMIT 1   [ RunTime:0.001000s ]

[ 2014-06-12T00:55:03+08:00 ] 127.0.0.1 /PKM/index.php/PKM/index.php/Check/is_login.html.html
INFO: [ app_begin ] --START--
INFO: Run Behavior\ReadHtmlCacheBehavior [ RunTime:0.004000s ]
INFO: [ app_begin ] --END-- [ RunTime:0.006000s ]
ERR: 无法加载控制器:PKM

[ 2014-06-12T00:56:40+08:00 ] 127.0.0.1 /PKM/index.php/Check/is_login
INFO: [ app_begin ] --START--
INFO: Run Behavior\ReadHtmlCacheBehavior [ RunTime:0.002000s ]
INFO: [ app_begin ] --END-- [ RunTime:0.004000s ]
SQL: DESCRIBE pkm_user [ RunTime:0.017001s ]
SQL: SELECT COUNT(*) AS tp_count FROM `pkm_user` WHERE ( `user` = 'admin' ) AND ( `pass` = '05fe7461c607c33229772d402505601016a7d0ea' ) LIMIT 1   [ RunTime:0.003000s ]
INFO: [ app_end ] --START--
INFO: Run Behavior\ShowPageTraceBehavior [ RunTime:0.002000s ]
INFO: [ app_end ] --END-- [ RunTime:0.003000s ]

[ 2014-06-12T01:01:33+08:00 ] 127.0.0.1 /PKM/index.php/Check/is_login
INFO: [ app_begin ] --START--
INFO: Run Behavior\ReadHtmlCacheBehavior [ RunTime:0.002000s ]
INFO: [ app_begin ] --END-- [ RunTime:0.006000s ]
SQL: DESCRIBE pkm_user [ RunTime:0.016001s ]
SQL: SELECT COUNT(*) AS tp_count FROM `pkm_user` WHERE ( `user` = 'admin' ) AND ( `pass` = '05fe7461c607c33229772d402505601016a7d0ea' ) LIMIT 1   [ RunTime:0.005000s ]
INFO: [ app_end ] --START--
INFO: Run Behavior\ShowPageTraceBehavior [ RunTime:0.003000s ]
INFO: [ app_end ] --END-- [ RunTime:0.004000s ]

[ 2014-06-12T01:03:50+08:00 ] 127.0.0.1 /PKM/index.php/Check/is_login
INFO: [ app_begin ] --START--
INFO: Run Behavior\ReadHtmlCacheBehavior [ RunTime:0.002000s ]
INFO: [ app_begin ] --END-- [ RunTime:0.005000s ]
SQL: DESCRIBE pkm_user [ RunTime:0.018001s ]
SQL: SELECT COUNT(*) AS tp_count FROM `pkm_user` WHERE ( `user` = 'admin' ) AND ( `pass` = '05fe7461c607c33229772d402505601016a7d0ea' ) LIMIT 1   [ RunTime:0.003000s ]
INFO: [ app_end ] --START--
INFO: Run Behavior\ShowPageTraceBehavior [ RunTime:0.002000s ]
INFO: [ app_end ] --END-- [ RunTime:0.003000s ]

[ 2014-06-12T01:04:11+08:00 ] 127.0.0.1 /PKM/index.php/Check/is_login
INFO: [ app_begin ] --START--
INFO: Run Behavior\ReadHtmlCacheBehavior [ RunTime:0.004001s ]
INFO: [ app_begin ] --END-- [ RunTime:0.008001s ]
SQL: DESCRIBE pkm_user [ RunTime:0.018002s ]
SQL: SELECT COUNT(*) AS tp_count FROM `pkm_user` WHERE ( `user` = 'admin' ) AND ( `pass` = '05fe7461c607c33229772d402505601016a7d0ea' ) LIMIT 1   [ RunTime:0.001000s ]
INFO: [ app_end ] --START--
INFO: Run Behavior\ShowPageTraceBehavior [ RunTime:0.003000s ]
INFO: [ app_end ] --END-- [ RunTime:0.004000s ]

[ 2014-06-12T01:05:51+08:00 ] 127.0.0.1 /PKM/index.php/Check/is_login
INFO: [ app_begin ] --START--
INFO: Run Behavior\ReadHtmlCacheBehavior [ RunTime:0.002000s ]
INFO: [ app_begin ] --END-- [ RunTime:0.005000s ]
SQL: DESCRIBE pkm_user [ RunTime:0.018001s ]
SQL: SELECT COUNT(*) AS tp_count FROM `pkm_user` WHERE ( `user` = 'admin' ) AND ( `pass` = '05fe7461c607c33229772d402505601016a7d0ea' ) LIMIT 1   [ RunTime:0.004001s ]
INFO: [ app_end ] --START--
INFO: Run Behavior\ShowPageTraceBehavior [ RunTime:0.002000s ]
INFO: [ app_end ] --END-- [ RunTime:0.003000s ]

[ 2014-06-12T01:08:40+08:00 ] 127.0.0.1 /PKM/Check/is_login
INFO: [ app_begin ] --START--
INFO: Run Behavior\ReadHtmlCacheBehavior [ RunTime:0.004001s ]
INFO: [ app_begin ] --END-- [ RunTime:0.007001s ]
SQL: DESCRIBE pkm_user [ RunTime:0.016001s ]
SQL: SELECT COUNT(*) AS tp_count FROM `pkm_user` WHERE ( `user` = 'admin' ) AND ( `pass` = '05fe7461c607c33229772d402505601016a7d0ea' ) LIMIT 1   [ RunTime:0.001000s ]
INFO: [ app_end ] --START--
INFO: Run Behavior\ShowPageTraceBehavior [ RunTime:0.003000s ]
INFO: [ app_end ] --END-- [ RunTime:0.004000s ]

[ 2014-06-12T01:16:40+08:00 ] 127.0.0.1 /PKM/index.php/Check/is_login
INFO: [ app_begin ] --START--
INFO: Run Behavior\ReadHtmlCacheBehavior [ RunTime:0.003001s ]
INFO: [ app_begin ] --END-- [ RunTime:0.008001s ]
SQL: DESCRIBE pkm_user [ RunTime:0.016001s ]
SQL: SELECT COUNT(*) AS tp_count FROM `pkm_user` WHERE ( `user` = 'admin' ) AND ( `pass` = '05fe7461c607c33229772d402505601016a7d0ea' ) LIMIT 1   [ RunTime:0.003000s ]
INFO: [ app_end ] --START--
INFO: Run Behavior\ShowPageTraceBehavior [ RunTime:0.003000s ]
INFO: [ app_end ] --END-- [ RunTime:0.003000s ]

[ 2014-06-12T01:47:11+08:00 ] 127.0.0.1 /PKM/index.php/Check/is_login
INFO: [ app_begin ] --START--
INFO: Run Behavior\ReadHtmlCacheBehavior [ RunTime:0.003000s ]
INFO: [ app_begin ] --END-- [ RunTime:0.005000s ]
SQL: DESCRIBE pkm_user [ RunTime:0.015001s ]
SQL: SELECT COUNT(*) AS tp_count FROM `pkm_user` WHERE ( `user` = 'admin' ) AND ( `pass` = '05fe7461c607c33229772d402505601016a7d0ea' ) LIMIT 1   [ RunTime:0.002000s ]
INFO: [ app_end ] --START--
INFO: Run Behavior\ShowPageTraceBehavior [ RunTime:0.002000s ]
INFO: [ app_end ] --END-- [ RunTime:0.004000s ]

[ 2014-06-12T01:51:10+08:00 ] 127.0.0.1 /PKM/index.php/PKM/index.php/Home/Ask.html
ERR: 无法加载控制器:PKM

[ 2014-06-12T01:52:11+08:00 ] 127.0.0.1 /PKM/index.php/Check/is_login
INFO: [ app_begin ] --START--
INFO: Run Behavior\ReadHtmlCacheBehavior [ RunTime:0.002000s ]
INFO: [ app_begin ] --END-- [ RunTime:0.004000s ]
SQL: DESCRIBE pkm_user [ RunTime:0.015001s ]
SQL: SELECT COUNT(*) AS tp_count FROM `pkm_user` WHERE ( `user` = 'admin' ) AND ( `pass` = '05fe7461c607c33229772d402505601016a7d0ea' ) LIMIT 1   [ RunTime:0.002000s ]
INFO: [ app_end ] --START--
INFO: Run Behavior\ShowPageTraceBehavior [ RunTime:0.003000s ]
INFO: [ app_end ] --END-- [ RunTime:0.003000s ]

[ 2014-06-12T01:52:47+08:00 ] 127.0.0.1 /PKM/index.php/PKM/index.php/Home/Ask.html
ERR: 无法加载控制器:PKM

[ 2014-06-12T01:53:56+08:00 ] 127.0.0.1 /PKM/index.php/PKM/index.php/Home/Ask.html
ERR: 无法加载控制器:PKM

[ 2014-06-12T01:54:11+08:00 ] 127.0.0.1 /PKM/index.php/Check/is_login
INFO: [ app_begin ] --START--
INFO: Run Behavior\ReadHtmlCacheBehavior [ RunTime:0.002000s ]
INFO: [ app_begin ] --END-- [ RunTime:0.004000s ]
SQL: DESCRIBE pkm_user [ RunTime:0.014001s ]
SQL: SELECT COUNT(*) AS tp_count FROM `pkm_user` WHERE ( `user` = 'admin' ) AND ( `pass` = '05fe7461c607c33229772d402505601016a7d0ea' ) LIMIT 1   [ RunTime:0.002000s ]
INFO: [ app_end ] --START--
INFO: Run Behavior\ShowPageTraceBehavior [ RunTime:0.003000s ]
INFO: [ app_end ] --END-- [ RunTime:0.003000s ]

[ 2014-06-12T01:54:42+08:00 ] 127.0.0.1 /PKM/index.php/Check/is_login
INFO: [ app_begin ] --START--
INFO: Run Behavior\ReadHtmlCacheBehavior [ RunTime:0.003000s ]
INFO: [ app_begin ] --END-- [ RunTime:0.004000s ]
SQL: DESCRIBE pkm_user [ RunTime:0.014001s ]
SQL: SELECT COUNT(*) AS tp_count FROM `pkm_user` WHERE ( `user` = 'admin' ) AND ( `pass` = '05fe7461c607c33229772d402505601016a7d0ea' ) LIMIT 1   [ RunTime:0.009000s ]
INFO: [ app_end ] --START--
INFO: Run Behavior\ShowPageTraceBehavior [ RunTime:0.003000s ]
INFO: [ app_end ] --END-- [ RunTime:0.003000s ]

[ 2014-06-12T01:56:16+08:00 ] 127.0.0.1 /PKM/Check/is_login
INFO: [ app_begin ] --START--
INFO: Run Behavior\ReadHtmlCacheBehavior [ RunTime:0.004000s ]
INFO: [ app_begin ] --END-- [ RunTime:0.005000s ]
SQL: DESCRIBE pkm_user [ RunTime:0.017001s ]
SQL: SELECT COUNT(*) AS tp_count FROM `pkm_user` WHERE ( `user` = 'admin' ) AND ( `pass` = '05fe7461c607c33229772d402505601016a7d0ea' ) LIMIT 1   [ RunTime:0.001000s ]
INFO: [ app_end ] --START--
INFO: Run Behavior\ShowPageTraceBehavior [ RunTime:0.002000s ]
INFO: [ app_end ] --END-- [ RunTime:0.003000s ]

[ 2014-06-12T01:56:55+08:00 ] 127.0.0.1 /PKM/Check/is_login
INFO: [ app_begin ] --START--
INFO: Run Behavior\ReadHtmlCacheBehavior [ RunTime:0.002001s ]
INFO: [ app_begin ] --END-- [ RunTime:0.005001s ]
SQL: DESCRIBE pkm_user [ RunTime:0.016001s ]
SQL: SELECT COUNT(*) AS tp_count FROM `pkm_user` WHERE ( `user` = 'admin' ) AND ( `pass` = '05fe7461c607c33229772d402505601016a7d0ea' ) LIMIT 1   [ RunTime:0.002001s ]
INFO: [ app_end ] --START--
INFO: Run Behavior\ShowPageTraceBehavior [ RunTime:0.003000s ]
INFO: [ app_end ] --END-- [ RunTime:0.004000s ]

[ 2014-06-12T01:57:32+08:00 ] 127.0.0.1 /PKM/Check/is_login
INFO: [ app_begin ] --START--
INFO: Run Behavior\ReadHtmlCacheBehavior [ RunTime:0.002000s ]
INFO: [ app_begin ] --END-- [ RunTime:0.007001s ]
SQL: DESCRIBE pkm_user [ RunTime:0.015001s ]
SQL: SELECT COUNT(*) AS tp_count FROM `pkm_user` WHERE ( `user` = 'admin' ) AND ( `pass` = '05fe7461c607c33229772d402505601016a7d0ea' ) LIMIT 1   [ RunTime:0.002000s ]
INFO: [ app_end ] --START--
INFO: Run Behavior\ShowPageTraceBehavior [ RunTime:0.003000s ]
INFO: [ app_end ] --END-- [ RunTime:0.004000s ]

[ 2014-06-12T01:58:54+08:00 ] 127.0.0.1 /PKM/Check/is_login
INFO: [ app_begin ] --START--
INFO: Run Behavior\ReadHtmlCacheBehavior [ RunTime:0.003000s ]
INFO: [ app_begin ] --END-- [ RunTime:0.005000s ]
SQL: DESCRIBE pkm_user [ RunTime:0.014001s ]
SQL: SELECT COUNT(*) AS tp_count FROM `pkm_user` WHERE ( `user` = 'admin' ) AND ( `pass` = '05fe7461c607c33229772d402505601016a7d0ea' ) LIMIT 1   [ RunTime:0.002000s ]
INFO: [ app_end ] --START--
INFO: Run Behavior\ShowPageTraceBehavior [ RunTime:0.002000s ]
INFO: [ app_end ] --END-- [ RunTime:0.003000s ]

[ 2014-06-12T01:59:17+08:00 ] 127.0.0.1 /PKM/Check/is_login
INFO: [ app_begin ] --START--
INFO: Run Behavior\ReadHtmlCacheBehavior [ RunTime:0.005000s ]
INFO: [ app_begin ] --END-- [ RunTime:0.006000s ]
SQL: DESCRIBE pkm_user [ RunTime:0.015001s ]
SQL: SELECT COUNT(*) AS tp_count FROM `pkm_user` WHERE ( `user` = 'admin' ) AND ( `pass` = '05fe7461c607c33229772d402505601016a7d0ea' ) LIMIT 1   [ RunTime:0.002000s ]
INFO: [ app_end ] --START--
INFO: Run Behavior\ShowPageTraceBehavior [ RunTime:0.003001s ]
INFO: [ app_end ] --END-- [ RunTime:0.003001s ]

[ 2014-06-12T01:59:35+08:00 ] 127.0.0.1 /PKM/index.php/Check/is_login
INFO: [ app_begin ] --START--
INFO: Run Behavior\ReadHtmlCacheBehavior [ RunTime:0.002000s ]
INFO: [ app_begin ] --END-- [ RunTime:0.005000s ]
SQL: DESCRIBE pkm_user [ RunTime:0.013000s ]
SQL: SELECT COUNT(*) AS tp_count FROM `pkm_user` WHERE ( `user` = 'admin' ) AND ( `pass` = '05fe7461c607c33229772d402505601016a7d0ea' ) LIMIT 1   [ RunTime:0.006000s ]
INFO: [ app_end ] --START--
INFO: Run Behavior\ShowPageTraceBehavior [ RunTime:0.003000s ]
INFO: [ app_end ] --END-- [ RunTime:0.003000s ]

[ 2014-06-12T14:48:32+08:00 ] 127.0.0.1 /PKM/Public/post0
INFO: [ app_begin ] --START--
INFO: Run Behavior\ReadHtmlCacheBehavior [ RunTime:0.003000s ]
INFO: [ app_begin ] --END-- [ RunTime:0.005000s ]

[ 2014-06-12T14:48:35+08:00 ] 127.0.0.1 /PKM/Public/post0
INFO: [ app_begin ] --START--
INFO: Run Behavior\ReadHtmlCacheBehavior [ RunTime:0.003000s ]
INFO: [ app_begin ] --END-- [ RunTime:0.006001s ]

[ 2014-06-12T14:48:36+08:00 ] 127.0.0.1 /PKM/Public/post0
INFO: [ app_begin ] --START--
INFO: Run Behavior\ReadHtmlCacheBehavior [ RunTime:0.002000s ]
INFO: [ app_begin ] --END-- [ RunTime:0.004000s ]

[ 2014-06-12T14:48:54+08:00 ] 127.0.0.1 /PKM/Public/post0
INFO: [ app_begin ] --START--
INFO: Run Behavior\ReadHtmlCacheBehavior [ RunTime:0.003000s ]
INFO: [ app_begin ] --END-- [ RunTime:0.005000s ]

[ 2014-06-12T14:48:55+08:00 ] 127.0.0.1 /PKM/Public/post0
INFO: [ app_begin ] --START--
INFO: Run Behavior\ReadHtmlCacheBehavior [ RunTime:0.002000s ]
INFO: [ app_begin ] --END-- [ RunTime:0.004000s ]

[ 2014-06-12T14:50:00+08:00 ] 127.0.0.1 /PKM/Public/post0
INFO: [ app_begin ] --START--
INFO: Run Behavior\ReadHtmlCacheBehavior [ RunTime:0.002001s ]
INFO: [ app_begin ] --END-- [ RunTime:0.005001s ]

[ 2014-06-12T14:50:02+08:00 ] 127.0.0.1 /PKM/Public/post0
INFO: [ app_begin ] --START--
INFO: Run Behavior\ReadHtmlCacheBehavior [ RunTime:0.003000s ]
INFO: [ app_begin ] --END-- [ RunTime:0.005000s ]

[ 2014-06-12T14:50:03+08:00 ] 127.0.0.1 /PKM/Public/post0
INFO: [ app_begin ] --START--
INFO: Run Behavior\ReadHtmlCacheBehavior [ RunTime:0.003000s ]
INFO: [ app_begin ] --END-- [ RunTime:0.005000s ]

[ 2014-06-12T14:50:03+08:00 ] 127.0.0.1 /PKM/Public/post0
INFO: [ app_begin ] --START--
INFO: Run Behavior\ReadHtmlCacheBehavior [ RunTime:0.002000s ]
INFO: [ app_begin ] --END-- [ RunTime:0.004000s ]

[ 2014-06-12T14:50:04+08:00 ] 127.0.0.1 /PKM/Public/post0
INFO: [ app_begin ] --START--
INFO: Run Behavior\ReadHtmlCacheBehavior [ RunTime:0.003000s ]
INFO: [ app_begin ] --END-- [ RunTime:0.005000s ]

[ 2014-06-12T14:50:04+08:00 ] 127.0.0.1 /PKM/Public/post0
INFO: [ app_begin ] --START--
INFO: Run Behavior\ReadHtmlCacheBehavior [ RunTime:0.002000s ]
INFO: [ app_begin ] --END-- [ RunTime:0.004001s ]

[ 2014-06-12T14:51:00+08:00 ] 127.0.0.1 /PKM/Public/post0
INFO: [ app_begin ] --START--
INFO: Run Behavior\ReadHtmlCacheBehavior [ RunTime:0.003000s ]
INFO: [ app_begin ] --END-- [ RunTime:0.006000s ]

[ 2014-06-12T14:51:00+08:00 ] 127.0.0.1 /PKM/Public/post0
INFO: [ app_begin ] --START--
INFO: Run Behavior\ReadHtmlCacheBehavior [ RunTime:0.002000s ]
INFO: [ app_begin ] --END-- [ RunTime:0.004000s ]

[ 2014-06-12T14:51:01+08:00 ] 127.0.0.1 /PKM/Public/post0
INFO: [ app_begin ] --START--
INFO: Run Behavior\ReadHtmlCacheBehavior [ RunTime:0.002000s ]
INFO: [ app_begin ] --END-- [ RunTime:0.004000s ]

[ 2014-06-12T14:51:03+08:00 ] 127.0.0.1 /PKM/Public/post0
INFO: [ app_begin ] --START--
INFO: Run Behavior\ReadHtmlCacheBehavior [ RunTime:0.002000s ]
INFO: [ app_begin ] --END-- [ RunTime:0.004000s ]

[ 2014-06-12T14:51:03+08:00 ] 127.0.0.1 /PKM/Public/post0
INFO: [ app_begin ] --START--
INFO: Run Behavior\ReadHtmlCacheBehavior [ RunTime:0.002000s ]
INFO: [ app_begin ] --END-- [ RunTime:0.004000s ]

[ 2014-06-12T14:51:03+08:00 ] 127.0.0.1 /PKM/Public/post0
INFO: [ app_begin ] --START--
INFO: Run Behavior\ReadHtmlCacheBehavior [ RunTime:0.002000s ]
INFO: [ app_begin ] --END-- [ RunTime:0.005000s ]

[ 2014-06-12T14:51:38+08:00 ] 127.0.0.1 /PKM/Public/post0
INFO: [ app_begin ] --START--
INFO: Run Behavior\ReadHtmlCacheBehavior [ RunTime:0.003000s ]
INFO: [ app_begin ] --END-- [ RunTime:0.005000s ]

[ 2014-06-12T14:51:49+08:00 ] 127.0.0.1 /PKM/Public/post0
INFO: [ app_begin ] --START--
INFO: Run Behavior\ReadHtmlCacheBehavior [ RunTime:0.003000s ]
INFO: [ app_begin ] --END-- [ RunTime:0.005000s ]

[ 2014-06-12T14:52:27+08:00 ] 127.0.0.1 /PKM/Public/post0
INFO: [ app_begin ] --START--
INFO: Run Behavior\ReadHtmlCacheBehavior [ RunTime:0.003000s ]
INFO: [ app_begin ] --END-- [ RunTime:0.004000s ]

[ 2014-06-12T14:52:50+08:00 ] 127.0.0.1 /PKM/Public/post0
INFO: [ app_begin ] --START--
INFO: Run Behavior\ReadHtmlCacheBehavior [ RunTime:0.013001s ]
INFO: [ app_begin ] --END-- [ RunTime:0.016001s ]

[ 2014-06-12T14:52:51+08:00 ] 127.0.0.1 /PKM/Public/post0
INFO: [ app_begin ] --START--
INFO: Run Behavior\ReadHtmlCacheBehavior [ RunTime:0.002000s ]
INFO: [ app_begin ] --END-- [ RunTime:0.005000s ]

[ 2014-06-12T14:52:51+08:00 ] 127.0.0.1 /PKM/Public/post0
INFO: [ app_begin ] --START--
INFO: Run Behavior\ReadHtmlCacheBehavior [ RunTime:0.002000s ]
INFO: [ app_begin ] --END-- [ RunTime:0.004000s ]

[ 2014-06-12T14:52:51+08:00 ] 127.0.0.1 /PKM/Public/post0
INFO: [ app_begin ] --START--
INFO: Run Behavior\ReadHtmlCacheBehavior [ RunTime:0.002000s ]
INFO: [ app_begin ] --END-- [ RunTime:0.004000s ]

[ 2014-06-12T14:52:51+08:00 ] 127.0.0.1 /PKM/Public/post0
INFO: [ app_begin ] --START--
INFO: Run Behavior\ReadHtmlCacheBehavior [ RunTime:0.002000s ]
INFO: [ app_begin ] --END-- [ RunTime:0.004000s ]

[ 2014-06-12T14:53:37+08:00 ] 127.0.0.1 /PKM/Public/post0
INFO: [ app_begin ] --START--
INFO: Run Behavior\ReadHtmlCacheBehavior [ RunTime:0.003001s ]
INFO: [ app_begin ] --END-- [ RunTime:0.005001s ]

[ 2014-06-12T14:53:40+08:00 ] 127.0.0.1 /PKM/Public/post0
INFO: [ app_begin ] --START--
INFO: Run Behavior\ReadHtmlCacheBehavior [ RunTime:0.003001s ]
INFO: [ app_begin ] --END-- [ RunTime:0.005001s ]

[ 2014-06-12T14:55:51+08:00 ] 127.0.0.1 /PKM/Public/post0
INFO: [ app_begin ] --START--
INFO: Run Behavior\ReadHtmlCacheBehavior [ RunTime:0.003000s ]
INFO: [ app_begin ] --END-- [ RunTime:0.006000s ]

[ 2014-06-12T14:55:53+08:00 ] 127.0.0.1 /PKM/Public/post0
INFO: [ app_begin ] --START--
INFO: Run Behavior\ReadHtmlCacheBehavior [ RunTime:0.003001s ]
INFO: [ app_begin ] --END-- [ RunTime:0.005001s ]

[ 2014-06-12T14:55:55+08:00 ] 127.0.0.1 /PKM/Public/post0
INFO: [ app_begin ] --START--
INFO: Run Behavior\ReadHtmlCacheBehavior [ RunTime:0.009001s ]
INFO: [ app_begin ] --END-- [ RunTime:0.010001s ]

[ 2014-06-12T14:55:57+08:00 ] 127.0.0.1 /PKM/Public/post0
INFO: [ app_begin ] --START--
INFO: Run Behavior\ReadHtmlCacheBehavior [ RunTime:0.002000s ]
INFO: [ app_begin ] --END-- [ RunTime:0.005000s ]

[ 2014-06-12T14:56:45+08:00 ] 127.0.0.1 /PKM/Check/is_login
INFO: [ app_begin ] --START--
INFO: Run Behavior\ReadHtmlCacheBehavior [ RunTime:0.011000s ]
INFO: [ app_begin ] --END-- [ RunTime:0.025002s ]
SQL: DESCRIBE pkm_user [ RunTime:0.235014s ]
SQL: SELECT COUNT(*) AS tp_count FROM `pkm_user` WHERE ( `user` = 'admin' ) AND ( `pass` = '05fe7461c607c33229772d402505601016a7d0ea' ) LIMIT 1   [ RunTime:0.062004s ]
INFO: [ app_end ] --START--
INFO: Run Behavior\ShowPageTraceBehavior [ RunTime:0.004000s ]
INFO: [ app_end ] --END-- [ RunTime:0.004000s ]

[ 2014-06-12T14:56:54+08:00 ] 127.0.0.1 /PKM/Public/post0
INFO: [ app_begin ] --START--
INFO: Run Behavior\ReadHtmlCacheBehavior [ RunTime:0.003000s ]
INFO: [ app_begin ] --END-- [ RunTime:0.009000s ]

[ 2014-06-12T14:58:47+08:00 ] 127.0.0.1 /PKM/Public/post0
INFO: [ app_begin ] --START--
INFO: Run Behavior\ReadHtmlCacheBehavior [ RunTime:0.002000s ]
INFO: [ app_begin ] --END-- [ RunTime:0.005000s ]

[ 2014-06-12T14:58:52+08:00 ] 127.0.0.1 /PKM/Public/post0
INFO: [ app_begin ] --START--
INFO: Run Behavior\ReadHtmlCacheBehavior [ RunTime:0.003001s ]
INFO: [ app_begin ] --END-- [ RunTime:0.005001s ]

[ 2014-06-12T15:03:56+08:00 ] 127.0.0.1 /PKM/Public/post0
INFO: [ app_begin ] --START--
INFO: Run Behavior\ReadHtmlCacheBehavior [ RunTime:0.004000s ]
INFO: [ app_begin ] --END-- [ RunTime:0.006000s ]

[ 2014-06-12T15:05:36+08:00 ] 127.0.0.1 /PKM/Public/post0
INFO: [ app_begin ] --START--
INFO: Run Behavior\ReadHtmlCacheBehavior [ RunTime:0.002000s ]
INFO: [ app_begin ] --END-- [ RunTime:0.006000s ]

[ 2014-06-12T15:05:41+08:00 ] 127.0.0.1 /PKM/Public/post0
INFO: [ app_begin ] --START--
INFO: Run Behavior\ReadHtmlCacheBehavior [ RunTime:0.008001s ]
INFO: [ app_begin ] --END-- [ RunTime:0.012001s ]

[ 2014-06-12T15:05:58+08:00 ] 127.0.0.1 /PKM/Public/post0
INFO: [ app_begin ] --START--
INFO: Run Behavior\ReadHtmlCacheBehavior [ RunTime:0.006000s ]
INFO: [ app_begin ] --END-- [ RunTime:0.015000s ]

[ 2014-06-12T15:07:40+08:00 ] 127.0.0.1 /PKM/Public/post0
INFO: [ app_begin ] --START--
INFO: Run Behavior\ReadHtmlCacheBehavior [ RunTime:0.003000s ]
INFO: [ app_begin ] --END-- [ RunTime:0.004000s ]

[ 2014-06-12T15:07:54+08:00 ] 127.0.0.1 /PKM/Public/post0
INFO: [ app_begin ] --START--
INFO: Run Behavior\ReadHtmlCacheBehavior [ RunTime:0.003001s ]
INFO: [ app_begin ] --END-- [ RunTime:0.005001s ]

[ 2014-06-12T15:17:39+08:00 ] 127.0.0.1 /PKM/Public/post0
INFO: [ app_begin ] --START--
INFO: Run Behavior\ReadHtmlCacheBehavior [ RunTime:0.003000s ]
INFO: [ app_begin ] --END-- [ RunTime:0.004000s ]

[ 2014-06-12T15:24:20+08:00 ] 127.0.0.1 /PKM/index.php/Public/post0
INFO: [ app_begin ] --START--
INFO: Run Behavior\ReadHtmlCacheBehavior [ RunTime:0.007000s ]
INFO: [ app_begin ] --END-- [ RunTime:0.009000s ]

[ 2014-06-12T15:25:08+08:00 ] 127.0.0.1 /PKM/index.php/Public/post0
INFO: [ app_begin ] --START--
INFO: Run Behavior\ReadHtmlCacheBehavior [ RunTime:0.002000s ]
INFO: [ app_begin ] --END-- [ RunTime:0.006000s ]

[ 2014-06-12T15:26:55+08:00 ] 127.0.0.1 /PKM/index.php/Public/post0
INFO: [ app_begin ] --START--
INFO: Run Behavior\ReadHtmlCacheBehavior [ RunTime:0.003000s ]
INFO: [ app_begin ] --END-- [ RunTime:0.011001s ]

[ 2014-06-12T15:27:04+08:00 ] 127.0.0.1 /PKM/index.php/Public/post0
INFO: [ app_begin ] --START--
INFO: Run Behavior\ReadHtmlCacheBehavior [ RunTime:0.003000s ]
INFO: [ app_begin ] --END-- [ RunTime:0.005000s ]

[ 2014-06-12T15:27:08+08:00 ] 127.0.0.1 /PKM/index.php/Public/post0
INFO: [ app_begin ] --START--
INFO: Run Behavior\ReadHtmlCacheBehavior [ RunTime:0.004000s ]
INFO: [ app_begin ] --END-- [ RunTime:0.007000s ]

[ 2014-06-12T15:27:11+08:00 ] 127.0.0.1 /PKM/index.php/Public/post0
INFO: [ app_begin ] --START--
INFO: Run Behavior\ReadHtmlCacheBehavior [ RunTime:0.004001s ]
INFO: [ app_begin ] --END-- [ RunTime:0.012001s ]

[ 2014-06-12T15:28:04+08:00 ] 127.0.0.1 /PKM/index.php/Public/post0
INFO: [ app_begin ] --START--
INFO: Run Behavior\ReadHtmlCacheBehavior [ RunTime:0.005000s ]
INFO: [ app_begin ] --END-- [ RunTime:0.007000s ]

[ 2014-06-12T15:28:09+08:00 ] 127.0.0.1 /PKM/index.php/Public/post0
INFO: [ app_begin ] --START--
INFO: Run Behavior\ReadHtmlCacheBehavior [ RunTime:0.002001s ]
INFO: [ app_begin ] --END-- [ RunTime:0.004001s ]

[ 2014-06-12T15:28:23+08:00 ] 127.0.0.1 /PKM/index.php/Public/post0
INFO: [ app_begin ] --START--
INFO: Run Behavior\ReadHtmlCacheBehavior [ RunTime:0.009000s ]
INFO: [ app_begin ] --END-- [ RunTime:0.016001s ]

[ 2014-06-12T15:28:41+08:00 ] 127.0.0.1 /PKM/index.php/Public/post0
INFO: [ app_begin ] --START--
INFO: Run Behavior\ReadHtmlCacheBehavior [ RunTime:0.003000s ]
INFO: [ app_begin ] --END-- [ RunTime:0.004000s ]

[ 2014-06-12T15:29:06+08:00 ] 127.0.0.1 /PKM/index.php/Public/post0
INFO: [ app_begin ] --START--
INFO: Run Behavior\ReadHtmlCacheBehavior [ RunTime:0.016001s ]
INFO: [ app_begin ] --END-- [ RunTime:0.018001s ]

[ 2014-06-12T15:29:48+08:00 ] 127.0.0.1 /PKM/index.php/Public/post0
INFO: [ app_begin ] --START--
INFO: Run Behavior\ReadHtmlCacheBehavior [ RunTime:0.003000s ]
INFO: [ app_begin ] --END-- [ RunTime:0.005000s ]

[ 2014-06-12T15:29:52+08:00 ] 127.0.0.1 /PKM/index.php/Public/post0
INFO: [ app_begin ] --START--
INFO: Run Behavior\ReadHtmlCacheBehavior [ RunTime:0.003000s ]
INFO: [ app_begin ] --END-- [ RunTime:0.004000s ]

[ 2014-06-12T15:29:58+08:00 ] 127.0.0.1 /PKM/index.php/Public/post0
INFO: [ app_begin ] --START--
INFO: Run Behavior\ReadHtmlCacheBehavior [ RunTime:0.002000s ]
INFO: [ app_begin ] --END-- [ RunTime:0.005000s ]

[ 2014-06-12T15:34:21+08:00 ] 127.0.0.1 /PKM/index.php/Check/is_login
INFO: [ app_begin ] --START--
INFO: Run Behavior\ReadHtmlCacheBehavior [ RunTime:0.004000s ]
INFO: [ app_begin ] --END-- [ RunTime:0.007000s ]
SQL: DESCRIBE pkm_user [ RunTime:0.149008s ]
SQL: SELECT * FROM `pkm_user` WHERE ( `user` = 'admin' ) AND ( `pass` = '05fe7461c607c33229772d402505601016a7d0ea' ) LIMIT 1   [ RunTime:0.023002s ]

[ 2014-06-12T15:34:28+08:00 ] 127.0.0.1 /PKM/index.php/Check/is_login
INFO: [ app_begin ] --START--
INFO: Run Behavior\ReadHtmlCacheBehavior [ RunTime:0.011001s ]
INFO: [ app_begin ] --END-- [ RunTime:0.015001s ]
SQL: DESCRIBE pkm_user [ RunTime:0.042002s ]
SQL: SELECT * FROM `pkm_user` WHERE ( `user` = 'admin' ) AND ( `pass` = '05fe7461c607c33229772d402505601016a7d0ea' ) LIMIT 1   [ RunTime:0.002000s ]

[ 2014-06-12T15:34:50+08:00 ] 127.0.0.1 /PKM/index.php/Check/is_login
INFO: [ app_begin ] --START--
INFO: Run Behavior\ReadHtmlCacheBehavior [ RunTime:0.003000s ]
INFO: [ app_begin ] --END-- [ RunTime:0.005000s ]
SQL: DESCRIBE pkm_user [ RunTime:0.023002s ]
SQL: SELECT * FROM `pkm_user` WHERE ( `user` = 'admin' ) AND ( `pass` = '05fe7461c607c33229772d402505601016a7d0ea' ) LIMIT 1   [ RunTime:0.002000s ]
INFO: [ app_end ] --START--
INFO: Run Behavior\ShowPageTraceBehavior [ RunTime:0.005000s ]
INFO: [ app_end ] --END-- [ RunTime:0.005000s ]

[ 2014-06-12T15:50:12+08:00 ] 127.0.0.1 /PKM/index.php/Diary/_/PKM/index.php/Ask/index.html
ERR: 非法操作:_

[ 2014-06-12T15:50:23+08:00 ] 127.0.0.1 /PKM/index.php/Diary/_/PKM/index.php/Ask/index.html
ERR: 非法操作:_

[ 2014-06-12T15:50:28+08:00 ] 127.0.0.1 /PKM/index.php/Diary/_/PKM/index.php/Ask/index.html
ERR: 非法操作:_

[ 2014-06-12T15:50:51+08:00 ] 127.0.0.1 /PKM/index.php/Diary/Group.html
ERR: 非法操作:Group

[ 2014-06-12T15:51:10+08:00 ] 127.0.0.1 /PKM/index.php/Diary/Group.html
ERR: 非法操作:Group

[ 2014-06-12T15:58:28+08:00 ] 127.0.0.1 /PKM/index.php/Check/is_login
INFO: [ app_begin ] --START--
INFO: Run Behavior\ReadHtmlCacheBehavior [ RunTime:0.003000s ]
INFO: [ app_begin ] --END-- [ RunTime:0.005000s ]
SQL: DESCRIBE pkm_user [ RunTime:0.020001s ]
SQL: SELECT `id`,`user`,`pass` FROM `pkm_user` WHERE ( `user` = 'admin' ) AND ( `pass` = '05fe7461c607c33229772d402505601016a7d0ea' ) LIMIT 1   [ RunTime:0.005000s ]
INFO: [ app_end ] --START--
INFO: Run Behavior\ShowPageTraceBehavior [ RunTime:0.003000s ]
INFO: [ app_end ] --END-- [ RunTime:0.003000s ]

[ 2014-06-12T16:01:52+08:00 ] 127.0.0.1 /PKM/index.php/Check/is_login
INFO: [ app_begin ] --START--
INFO: Run Behavior\ReadHtmlCacheBehavior [ RunTime:0.003000s ]
INFO: [ app_begin ] --END-- [ RunTime:0.006001s ]
SQL: DESCRIBE pkm_user [ RunTime:0.028001s ]
SQL: SELECT `id`,`user`,`pass` FROM `pkm_user` WHERE ( `user` = 'admin' ) AND ( `pass` = '05fe7461c607c33229772d402505601016a7d0ea' ) LIMIT 1   [ RunTime:0.002001s ]
INFO: [ app_end ] --START--
INFO: Run Behavior\ShowPageTraceBehavior [ RunTime:0.003000s ]
INFO: [ app_end ] --END-- [ RunTime:0.004000s ]

[ 2014-06-12T16:17:47+08:00 ] 127.0.0.1 /PKM/index.php/Public/post0
INFO: [ app_begin ] --START--
INFO: Run Behavior\ReadHtmlCacheBehavior [ RunTime:0.005000s ]
INFO: [ app_begin ] --END-- [ RunTime:0.009000s ]

[ 2014-06-12T16:17:50+08:00 ] 127.0.0.1 /PKM/index.php/Public/post0
INFO: [ app_begin ] --START--
INFO: Run Behavior\ReadHtmlCacheBehavior [ RunTime:0.004000s ]
INFO: [ app_begin ] --END-- [ RunTime:0.007000s ]

[ 2014-06-12T16:17:50+08:00 ] 127.0.0.1 /PKM/index.php/Public/post0
INFO: [ app_begin ] --START--
INFO: Run Behavior\ReadHtmlCacheBehavior [ RunTime:0.018001s ]
INFO: [ app_begin ] --END-- [ RunTime:0.027001s ]

[ 2014-06-12T16:17:51+08:00 ] 127.0.0.1 /PKM/index.php/Public/post0
INFO: [ app_begin ] --START--
INFO: Run Behavior\ReadHtmlCacheBehavior [ RunTime:0.003000s ]
INFO: [ app_begin ] --END-- [ RunTime:0.006000s ]

[ 2014-06-12T16:18:13+08:00 ] 127.0.0.1 /PKM/index.php/Public/post0
INFO: [ app_begin ] --START--
INFO: Run Behavior\ReadHtmlCacheBehavior [ RunTime:0.004000s ]
INFO: [ app_begin ] --END-- [ RunTime:0.006000s ]

[ 2014-06-12T16:18:36+08:00 ] 127.0.0.1 /PKM/index.php/Public/post0
INFO: [ app_begin ] --START--
INFO: Run Behavior\ReadHtmlCacheBehavior [ RunTime:0.004001s ]
INFO: [ app_begin ] --END-- [ RunTime:0.008001s ]
INFO: [ app_end ] --START--
INFO: Run Behavior\ShowPageTraceBehavior [ RunTime:0.003000s ]
INFO: [ app_end ] --END-- [ RunTime:0.004000s ]

[ 2014-06-12T16:21:39+08:00 ] 127.0.0.1 /PKM/index.php/Check/is_user
INFO: [ app_begin ] --START--
INFO: Run Behavior\ReadHtmlCacheBehavior [ RunTime:0.004001s ]
INFO: [ app_begin ] --END-- [ RunTime:0.007001s ]
SQL: DESCRIBE pkm_user [ RunTime:0.021001s ]
SQL: SELECT COUNT(*) AS tp_count FROM `pkm_user` WHERE ( `user` = 'jokance' ) LIMIT 1   [ RunTime:0.010001s ]
INFO: [ app_end ] --START--
INFO: Run Behavior\ShowPageTraceBehavior [ RunTime:0.003000s ]
INFO: [ app_end ] --END-- [ RunTime:0.004000s ]

[ 2014-06-12T16:22:37+08:00 ] 127.0.0.1 /PKM/index.php/Check/is_user
INFO: [ app_begin ] --START--
INFO: Run Behavior\ReadHtmlCacheBehavior [ RunTime:0.004000s ]
INFO: [ app_begin ] --END-- [ RunTime:0.006000s ]
SQL: DESCRIBE pkm_user [ RunTime:0.022001s ]
SQL: SELECT COUNT(*) AS tp_count FROM `pkm_user` WHERE ( `user` = 'jokance' ) LIMIT 1   [ RunTime:0.003000s ]
INFO: [ app_end ] --START--
INFO: Run Behavior\ShowPageTraceBehavior [ RunTime:0.003001s ]
INFO: [ app_end ] --END-- [ RunTime:0.004001s ]

[ 2014-06-12T16:22:37+08:00 ] 127.0.0.1 /PKM/index.php/Public/add
INFO: [ app_begin ] --START--
INFO: Run Behavior\ReadHtmlCacheBehavior [ RunTime:0.005000s ]
INFO: [ app_begin ] --END-- [ RunTime:0.007000s ]
SQL: DESCRIBE pkm_user [ RunTime:0.019001s ]
SQL: INSERT INTO `pkm_user` (`user`,`pass`,`ques`,`ans`,`email`,`year`,`month`,`day`,`ps`,`date`) VALUES ('jokance','9600bc8e21e8bd16b8f94ff8264856f6af2b5371',4,'王祖贤','464839522@qq.com','1965','2','18','我是第3个注册用户！','2014-06-12 16:22:37') [ RunTime:0.084005s ]

[ 2014-06-12T16:31:18+08:00 ] 127.0.0.1 /PKM/index.php/Public/post0
INFO: [ app_begin ] --START--
INFO: Run Behavior\ReadHtmlCacheBehavior [ RunTime:0.003000s ]
INFO: [ app_begin ] --END-- [ RunTime:0.006000s ]

[ 2014-06-12T16:31:25+08:00 ] 127.0.0.1 /PKM/index.php/Check/is_login
INFO: [ app_begin ] --START--
INFO: Run Behavior\ReadHtmlCacheBehavior [ RunTime:0.003000s ]
INFO: [ app_begin ] --END-- [ RunTime:0.005001s ]
SQL: DESCRIBE pkm_user [ RunTime:0.019001s ]
SQL: SELECT `id`,`user`,`pass` FROM `pkm_user` WHERE ( `user` = 'admin' ) AND ( `pass` = '05fe7461c607c33229772d402505601016a7d0ea' ) LIMIT 1   [ RunTime:0.001000s ]
INFO: [ app_end ] --START--
INFO: Run Behavior\ShowPageTraceBehavior [ RunTime:0.003000s ]
INFO: [ app_end ] --END-- [ RunTime:0.004000s ]

[ 2014-06-12T16:31:35+08:00 ] 127.0.0.1 /PKM/index.php/Public/post0
INFO: [ app_begin ] --START--
INFO: Run Behavior\ReadHtmlCacheBehavior [ RunTime:0.004000s ]
INFO: [ app_begin ] --END-- [ RunTime:0.006001s ]
SQL: DESCRIBE pkm_state [ RunTime:0.017001s ]

[ 2014-06-12T16:31:39+08:00 ] 127.0.0.1 /PKM/index.php/Public/post0
INFO: [ app_begin ] --START--
INFO: Run Behavior\ReadHtmlCacheBehavior [ RunTime:0.007000s ]
INFO: [ app_begin ] --END-- [ RunTime:0.010000s ]
SQL: DESCRIBE pkm_state [ RunTime:0.023001s ]

[ 2014-06-12T16:32:33+08:00 ] 127.0.0.1 /PKM/index.php/Public/post0
INFO: [ app_begin ] --START--
INFO: Run Behavior\ReadHtmlCacheBehavior [ RunTime:0.003000s ]
INFO: [ app_begin ] --END-- [ RunTime:0.006001s ]
SQL: DESCRIBE pkm_state [ RunTime:0.017001s ]
SQL: INSERT INTO `pkm_state` (`text`,`date`,`uid`) VALUES ('世界，你好！','2014-06-12 16:32:33',15) [ RunTime:0.077005s ]

[ 2014-06-12T16:33:22+08:00 ] 127.0.0.1 /PKM/index.php/Check/is_login
INFO: [ app_begin ] --START--
INFO: Run Behavior\ReadHtmlCacheBehavior [ RunTime:0.003001s ]
INFO: [ app_begin ] --END-- [ RunTime:0.007001s ]
SQL: DESCRIBE pkm_user [ RunTime:0.018002s ]
SQL: SELECT `id`,`user`,`pass` FROM `pkm_user` WHERE ( `user` = 'root' ) AND ( `pass` = '05fe7461c607c33229772d402505601016a7d0ea' ) LIMIT 1   [ RunTime:0.001000s ]
INFO: [ app_end ] --START--
INFO: Run Behavior\ShowPageTraceBehavior [ RunTime:0.004000s ]
INFO: [ app_end ] --END-- [ RunTime:0.004000s ]

[ 2014-06-12T16:33:38+08:00 ] 127.0.0.1 /PKM/index.php/Public/post0
INFO: [ app_begin ] --START--
INFO: Run Behavior\ReadHtmlCacheBehavior [ RunTime:0.004000s ]
INFO: [ app_begin ] --END-- [ RunTime:0.006000s ]
SQL: DESCRIBE pkm_state [ RunTime:0.017001s ]
SQL: INSERT INTO `pkm_state` (`text`,`date`,`uid`) VALUES ('你好，世界！','2014-06-12 16:33:38',16) [ RunTime:0.050003s ]

[ 2014-06-12T17:19:52+08:00 ] 127.0.0.1 /PKM/index.php/Public/post1
INFO: [ app_begin ] --START--
INFO: Run Behavior\ReadHtmlCacheBehavior [ RunTime:0.005000s ]
INFO: [ app_begin ] --END-- [ RunTime:0.006000s ]
INFO: [ app_end ] --START--
INFO: Run Behavior\ShowPageTraceBehavior [ RunTime:0.005001s ]
INFO: [ app_end ] --END-- [ RunTime:0.005001s ]

[ 2014-06-12T17:20:17+08:00 ] 127.0.0.1 /PKM/index.php/Public/post1
INFO: [ app_begin ] --START--
INFO: Run Behavior\ReadHtmlCacheBehavior [ RunTime:0.003000s ]
INFO: [ app_begin ] --END-- [ RunTime:0.006001s ]
INFO: [ app_end ] --START--
INFO: Run Behavior\ShowPageTraceBehavior [ RunTime:0.003000s ]
INFO: [ app_end ] --END-- [ RunTime:0.005000s ]

[ 2014-06-12T17:36:24+08:00 ] 127.0.0.1 /PKM/index.php/Public/post1
INFO: [ app_begin ] --START--
INFO: Run Behavior\ReadHtmlCacheBehavior [ RunTime:0.004000s ]
INFO: [ app_begin ] --END-- [ RunTime:0.008000s ]
INFO: [ app_end ] --START--
INFO: Run Behavior\ShowPageTraceBehavior [ RunTime:0.005001s ]
INFO: [ app_end ] --END-- [ RunTime:0.006001s ]

[ 2014-06-12T17:36:51+08:00 ] 127.0.0.1 /PKM/index.php/Public/post1
INFO: [ app_begin ] --START--
INFO: Run Behavior\ReadHtmlCacheBehavior [ RunTime:0.005000s ]
INFO: [ app_begin ] --END-- [ RunTime:0.008000s ]

[ 2014-06-12T17:38:08+08:00 ] 127.0.0.1 /PKM/index.php/Public/post1
INFO: [ app_begin ] --START--
INFO: Run Behavior\ReadHtmlCacheBehavior [ RunTime:0.012000s ]
INFO: [ app_begin ] --END-- [ RunTime:0.014001s ]

[ 2014-06-12T17:38:25+08:00 ] 127.0.0.1 /PKM/index.php/Public/post0
INFO: [ app_begin ] --START--
INFO: Run Behavior\ReadHtmlCacheBehavior [ RunTime:0.009001s ]
INFO: [ app_begin ] --END-- [ RunTime:0.017001s ]

[ 2014-06-12T17:39:26+08:00 ] 127.0.0.1 /PKM/index.php/Public/post1
INFO: [ app_begin ] --START--
INFO: Run Behavior\ReadHtmlCacheBehavior [ RunTime:0.004000s ]
INFO: [ app_begin ] --END-- [ RunTime:0.009000s ]

[ 2014-06-12T17:40:04+08:00 ] 127.0.0.1 /PKM/index.php/Public/post1
INFO: [ app_begin ] --START--
INFO: Run Behavior\ReadHtmlCacheBehavior [ RunTime:0.004000s ]
INFO: [ app_begin ] --END-- [ RunTime:0.006000s ]

[ 2014-06-12T17:40:09+08:00 ] 127.0.0.1 /PKM/index.php/Public/post1
INFO: [ app_begin ] --START--
INFO: Run Behavior\ReadHtmlCacheBehavior [ RunTime:0.003000s ]
INFO: [ app_begin ] --END-- [ RunTime:0.005000s ]

[ 2014-06-12T17:40:11+08:00 ] 127.0.0.1 /PKM/index.php/Public/post1
INFO: [ app_begin ] --START--
INFO: Run Behavior\ReadHtmlCacheBehavior [ RunTime:0.005000s ]
INFO: [ app_begin ] --END-- [ RunTime:0.007000s ]

[ 2014-06-12T17:46:17+08:00 ] 127.0.0.1 /PKM/index.php/Public/post0
INFO: [ app_begin ] --START--
INFO: Run Behavior\ReadHtmlCacheBehavior [ RunTime:0.008000s ]
INFO: [ app_begin ] --END-- [ RunTime:0.011000s ]

[ 2014-06-12T17:46:37+08:00 ] 127.0.0.1 /PKM/index.php/Public/post0
INFO: [ app_begin ] --START--
INFO: Run Behavior\ReadHtmlCacheBehavior [ RunTime:0.004001s ]
INFO: [ app_begin ] --END-- [ RunTime:0.006001s ]

[ 2014-06-12T17:46:55+08:00 ] 127.0.0.1 /PKM/index.php/Public/post0
INFO: [ app_begin ] --START--
INFO: Run Behavior\ReadHtmlCacheBehavior [ RunTime:0.003000s ]
INFO: [ app_begin ] --END-- [ RunTime:0.007001s ]

[ 2014-06-12T17:46:58+08:00 ] 127.0.0.1 /PKM/index.php/Public/post0
INFO: [ app_begin ] --START--
INFO: Run Behavior\ReadHtmlCacheBehavior [ RunTime:0.005000s ]
INFO: [ app_begin ] --END-- [ RunTime:0.007001s ]

[ 2014-06-12T17:47:24+08:00 ] 127.0.0.1 /PKM/index.php/Public/post1
INFO: [ app_begin ] --START--
INFO: Run Behavior\ReadHtmlCacheBehavior [ RunTime:0.007000s ]
INFO: [ app_begin ] --END-- [ RunTime:0.010000s ]

[ 2014-06-12T17:47:49+08:00 ] 127.0.0.1 /PKM/index.php/Public/post1
INFO: [ app_begin ] --START--
INFO: Run Behavior\ReadHtmlCacheBehavior [ RunTime:0.005000s ]
INFO: [ app_begin ] --END-- [ RunTime:0.009001s ]

[ 2014-06-12T17:48:24+08:00 ] 127.0.0.1 /PKM/index.php/Public/post1
INFO: [ app_begin ] --START--
INFO: Run Behavior\ReadHtmlCacheBehavior [ RunTime:0.004000s ]
INFO: [ app_begin ] --END-- [ RunTime:0.011000s ]

[ 2014-06-12T18:05:24+08:00 ] 127.0.0.1 /PKM/index.php/Public/post1
INFO: [ app_begin ] --START--
INFO: Run Behavior\ReadHtmlCacheBehavior [ RunTime:0.005001s ]
INFO: [ app_begin ] --END-- [ RunTime:0.010001s ]

[ 2014-06-12T18:06:12+08:00 ] 127.0.0.1 /PKM/index.php/Check/is_login
INFO: [ app_begin ] --START--
INFO: Run Behavior\ReadHtmlCacheBehavior [ RunTime:0.003000s ]
INFO: [ app_begin ] --END-- [ RunTime:0.006000s ]
SQL: DESCRIBE pkm_user [ RunTime:0.023002s ]
SQL: SELECT `id`,`user`,`pass` FROM `pkm_user` WHERE ( `user` = 'admin' ) AND ( `pass` = '05fe7461c607c33229772d402505601016a7d0ea' ) LIMIT 1   [ RunTime:0.002000s ]
INFO: [ app_end ] --START--
INFO: Run Behavior\ShowPageTraceBehavior [ RunTime:0.003000s ]
INFO: [ app_end ] --END-- [ RunTime:0.005000s ]

[ 2014-06-12T18:06:31+08:00 ] 127.0.0.1 /PKM/index.php/Public/post1
INFO: [ app_begin ] --START--
INFO: Run Behavior\ReadHtmlCacheBehavior [ RunTime:0.005001s ]
INFO: [ app_begin ] --END-- [ RunTime:0.007001s ]
SQL: DESCRIBE pkm_qus [ RunTime:0.016001s ]
SQL: INSERT INTO `pkm_qus` (`title`,`desc`,`tag`,`date`,`uid`) VALUES ('问题1','描述1','标签1','2014-06-12 18:06:31',15) [ RunTime:0.001000s ]

[ 2014-06-12T18:10:57+08:00 ] 127.0.0.1 /PKM/index.php/Public/post1
INFO: [ app_begin ] --START--
INFO: Run Behavior\ReadHtmlCacheBehavior [ RunTime:0.003000s ]
INFO: [ app_begin ] --END-- [ RunTime:0.005000s ]
SQL: DESCRIBE pkm_qus [ RunTime:0.014001s ]
SQL: INSERT INTO `pkm_qus` (`title`,`content`,`tag`,`date`,`uid`) VALUES ('问题2','描述2','','2014-06-12 18:10:57',15) [ RunTime:0.002000s ]

[ 2014-06-12T18:11:42+08:00 ] 127.0.0.1 /PKM/index.php/Public/post0
INFO: [ app_begin ] --START--
INFO: Run Behavior\ReadHtmlCacheBehavior [ RunTime:0.004000s ]
INFO: [ app_begin ] --END-- [ RunTime:0.005000s ]

[ 2014-06-12T18:12:54+08:00 ] 127.0.0.1 /PKM/index.php/Public/post1
INFO: [ app_begin ] --START--
INFO: Run Behavior\ReadHtmlCacheBehavior [ RunTime:0.004000s ]
INFO: [ app_begin ] --END-- [ RunTime:0.006000s ]

[ 2014-06-12T18:16:28+08:00 ] 127.0.0.1 /PKM/Public/post0
INFO: [ app_begin ] --START--
INFO: Run Behavior\ReadHtmlCacheBehavior [ RunTime:0.004000s ]
INFO: [ app_begin ] --END-- [ RunTime:0.006000s ]

[ 2014-06-12T18:16:41+08:00 ] 127.0.0.1 /PKM/Check/is_login
INFO: [ app_begin ] --START--
INFO: Run Behavior\ReadHtmlCacheBehavior [ RunTime:0.009000s ]
INFO: [ app_begin ] --END-- [ RunTime:0.012000s ]
SQL: DESCRIBE pkm_user [ RunTime:0.020001s ]
SQL: SELECT `id`,`user`,`pass` FROM `pkm_user` WHERE ( `user` = 'admin' ) AND ( `pass` = '05fe7461c607c33229772d402505601016a7d0ea' ) LIMIT 1   [ RunTime:0.003000s ]
INFO: [ app_end ] --START--
INFO: Run Behavior\ShowPageTraceBehavior [ RunTime:0.003000s ]
INFO: [ app_end ] --END-- [ RunTime:0.003000s ]

[ 2014-06-12T18:17:00+08:00 ] 127.0.0.1 /PKM/Check/is_login
INFO: [ app_begin ] --START--
INFO: Run Behavior\ReadHtmlCacheBehavior [ RunTime:0.004000s ]
INFO: [ app_begin ] --END-- [ RunTime:0.010001s ]
SQL: DESCRIBE pkm_user [ RunTime:0.016001s ]
SQL: SELECT `id`,`user`,`pass` FROM `pkm_user` WHERE ( `user` = 'admin' ) AND ( `pass` = '05fe7461c607c33229772d402505601016a7d0ea' ) LIMIT 1   [ RunTime:0.001000s ]
INFO: [ app_end ] --START--
INFO: Run Behavior\ShowPageTraceBehavior [ RunTime:0.004000s ]
INFO: [ app_end ] --END-- [ RunTime:0.004000s ]

[ 2014-06-12T18:19:20+08:00 ] 127.0.0.1 /PKM/index.php/Check/is_login
INFO: [ app_begin ] --START--
INFO: Run Behavior\ReadHtmlCacheBehavior [ RunTime:0.003001s ]
INFO: [ app_begin ] --END-- [ RunTime:0.007001s ]
SQL: DESCRIBE pkm_user [ RunTime:0.018001s ]
SQL: SELECT `id`,`user`,`pass` FROM `pkm_user` WHERE ( `user` = 'admin' ) AND ( `pass` = '05fe7461c607c33229772d402505601016a7d0ea' ) LIMIT 1   [ RunTime:0.001000s ]
INFO: [ app_end ] --START--
INFO: Run Behavior\ShowPageTraceBehavior [ RunTime:0.004000s ]
INFO: [ app_end ] --END-- [ RunTime:0.005000s ]

[ 2014-06-12T18:22:34+08:00 ] 127.0.0.1 /PKM/Public/post0
INFO: [ app_begin ] --START--
INFO: Run Behavior\ReadHtmlCacheBehavior [ RunTime:0.004001s ]
INFO: [ app_begin ] --END-- [ RunTime:0.008001s ]

[ 2014-06-12T18:22:44+08:00 ] 127.0.0.1 /PKM/Check/is_login
INFO: [ app_begin ] --START--
INFO: Run Behavior\ReadHtmlCacheBehavior [ RunTime:0.003000s ]
INFO: [ app_begin ] --END-- [ RunTime:0.006000s ]
SQL: DESCRIBE pkm_user [ RunTime:0.031001s ]
SQL: SELECT `id`,`user`,`pass` FROM `pkm_user` WHERE ( `user` = 'admin' ) AND ( `pass` = '05fe7461c607c33229772d402505601016a7d0ea' ) LIMIT 1   [ RunTime:0.002000s ]
INFO: [ app_end ] --START--
INFO: Run Behavior\ShowPageTraceBehavior [ RunTime:0.004000s ]
INFO: [ app_end ] --END-- [ RunTime:0.005000s ]

[ 2014-06-12T18:23:04+08:00 ] 127.0.0.1 /PKM/Public/post0
INFO: [ app_begin ] --START--
INFO: Run Behavior\ReadHtmlCacheBehavior [ RunTime:0.004000s ]
INFO: [ app_begin ] --END-- [ RunTime:0.006000s ]
SQL: DESCRIBE pkm_state [ RunTime:0.025001s ]
SQL: INSERT INTO `pkm_state` (`text`,`date`,`uid`) VALUES ('状态测试','2014-06-12 18:23:04',15) [ RunTime:0.003001s ]

[ 2014-06-12T23:40:16+08:00 ] 127.0.0.1 /PKM/Check/is_login
INFO: [ app_begin ] --START--
INFO: Run Behavior\ReadHtmlCacheBehavior [ RunTime:0.002000s ]
INFO: [ app_begin ] --END-- [ RunTime:0.005000s ]
SQL: DESCRIBE pkm_user [ RunTime:0.045002s ]
SQL: SELECT `id`,`user`,`pass` FROM `pkm_user` WHERE ( `user` = 'admin' ) AND ( `pass` = '05fe7461c607c33229772d402505601016a7d0ea' ) LIMIT 1   [ RunTime:0.001000s ]
INFO: [ app_end ] --START--
INFO: Run Behavior\ShowPageTraceBehavior [ RunTime:0.003000s ]
INFO: [ app_end ] --END-- [ RunTime:0.003000s ]

[ 2014-06-12T23:41:59+08:00 ] 127.0.0.1 /PKM/Public/post1
INFO: [ app_begin ] --START--
INFO: Run Behavior\ReadHtmlCacheBehavior [ RunTime:0.004001s ]
INFO: [ app_begin ] --END-- [ RunTime:0.006001s ]
SQL: DESCRIBE pkm_qus [ RunTime:0.104006s ]
SQL: INSERT INTO `pkm_qus` (`title`,`content`,`tag`,`date`,`uid`) VALUES ('高考应该怎么选专业，各专业学习的内容？（考生必进，非常详尽）','这个问题本来是下面这样的，但是回答的人数远远超出预料，真是非常感谢大家！！！！！！
现在这个问题正式改成“各专业的学习什么内容？高考又该怎么选专业？”','就业,大学专业推荐, 高考','2014-06-12 23:41:59',15) [ RunTime:0.032002s ]

[ 2014-06-12T23:44:30+08:00 ] 127.0.0.1 /PKM/Public/post1
INFO: [ app_begin ] --START--
INFO: Run Behavior\ReadHtmlCacheBehavior [ RunTime:0.002000s ]
INFO: [ app_begin ] --END-- [ RunTime:0.005000s ]
SQL: DESCRIBE pkm_qus [ RunTime:0.011000s ]
SQL: INSERT INTO `pkm_qus` (`title`,`content`,`tag`,`date`,`uid`) VALUES ('古代的“右”字是反过来写的吗？','据说古代的“右”字是反着写的（和当代的右字写法不同，左右镜像的那种写法）？
','语言学,汉语,文字','2014-06-12 23:44:30',15) [ RunTime:0.002000s ]

[ 2014-06-12T23:47:44+08:00 ] 127.0.0.1 /PKM/Public/post1
INFO: [ app_begin ] --START--
INFO: Run Behavior\ReadHtmlCacheBehavior [ RunTime:0.003000s ]
INFO: [ app_begin ] --END-- [ RunTime:0.008000s ]
SQL: DESCRIBE pkm_qus [ RunTime:0.012000s ]
SQL: INSERT INTO `pkm_qus` (`title`,`content`,`tag`,`date`,`uid`) VALUES ('在实验室里做过的最酷的事情是什么？','把一箱液氮洒到地上,嗯，把两箱液氮洒到地上,你还能想到更Cool吗','化学,实验室','2014-06-12 23:47:44',15) [ RunTime:0.001000s ]

[ 2014-06-12T23:48:38+08:00 ] 127.0.0.1 /PKM/Public/post1
INFO: [ app_begin ] --START--
INFO: Run Behavior\ReadHtmlCacheBehavior [ RunTime:0.002000s ]
INFO: [ app_begin ] --END-- [ RunTime:0.005000s ]
SQL: DESCRIBE pkm_qus [ RunTime:0.012001s ]
SQL: INSERT INTO `pkm_qus` (`title`,`content`,`tag`,`date`,`uid`) VALUES ('人们为什么会低估了非洲的面积？','【深夜涨姿势】据统计，大多数人低估了非洲的面积大小。。。
http://weibo.com/3921730119/B8pW8iUV3','地理,非洲','2014-06-12 23:48:38',15) [ RunTime:0.002001s ]

[ 2014-06-12T23:51:16+08:00 ] 127.0.0.1 /PKM/Public/post1
INFO: [ app_begin ] --START--
INFO: Run Behavior\ReadHtmlCacheBehavior [ RunTime:0.004000s ]
INFO: [ app_begin ] --END-- [ RunTime:0.007000s ]
SQL: DESCRIBE pkm_qus [ RunTime:0.012000s ]
SQL: INSERT INTO `pkm_qus` (`title`,`content`,`tag`,`date`,`uid`) VALUES ('手机揣裤兜损害精子活力，这个研究结论靠谱吗？','#裤兜杀手#【手机揣裤兜损害精子活力】为了方便，一般男士会把手机放在裤兜里。但最新研究显示，这可能无意中会损害你成为父亲的机会。研究人员发现，在对照组，50%到85%的精子正常活动；当其暴露于手机环境下，平均下降了8个百分点。而生存能力也出现类似效应。天天放裤兜的飘过~http://t.cn/Rva9UNb','健康,电磁辐射,手机','2014-06-12 23:51:16',15) [ RunTime:0.002000s ]

[ 2014-06-12T23:51:38+08:00 ] 127.0.0.1 /PKM/Check/is_login
INFO: [ app_begin ] --START--
INFO: Run Behavior\ReadHtmlCacheBehavior [ RunTime:0.005000s ]
INFO: [ app_begin ] --END-- [ RunTime:0.007000s ]
SQL: DESCRIBE pkm_user [ RunTime:0.020001s ]
SQL: SELECT `id`,`user`,`pass` FROM `pkm_user` WHERE ( `user` = 'admin' ) AND ( `pass` = '05fe7461c607c33229772d402505601016a7d0ea' ) LIMIT 1   [ RunTime:0.001000s ]
INFO: [ app_end ] --START--
INFO: Run Behavior\ShowPageTraceBehavior [ RunTime:0.004000s ]
INFO: [ app_end ] --END-- [ RunTime:0.004000s ]

[ 2014-06-12T23:53:29+08:00 ] 127.0.0.1 /PKM/Check/is_login
INFO: [ app_begin ] --START--
INFO: Run Behavior\ReadHtmlCacheBehavior [ RunTime:0.003000s ]
INFO: [ app_begin ] --END-- [ RunTime:0.006000s ]
SQL: DESCRIBE pkm_user [ RunTime:0.012000s ]
SQL: SELECT `id`,`user`,`pass` FROM `pkm_user` WHERE ( `user` = 'admin' ) AND ( `pass` = '673da6c1eadbafade1e8bf21f43e1c495de92615' ) LIMIT 1   [ RunTime:0.002000s ]

[ 2014-06-12T23:54:56+08:00 ] 127.0.0.1 /PKM/Check/is_login
INFO: [ app_begin ] --START--
INFO: Run Behavior\ReadHtmlCacheBehavior [ RunTime:0.004000s ]
INFO: [ app_begin ] --END-- [ RunTime:0.006000s ]
SQL: DESCRIBE pkm_user [ RunTime:0.012000s ]
SQL: SELECT `id`,`user`,`pass` FROM `pkm_user` WHERE ( `user` = 'admin' ) AND ( `pass` = '05fe7461c607c33229772d402505601016a7d0ea' ) LIMIT 1   [ RunTime:0.002000s ]
INFO: [ app_end ] --START--
INFO: Run Behavior\ShowPageTraceBehavior [ RunTime:0.004000s ]
INFO: [ app_end ] --END-- [ RunTime:0.004000s ]

[ 2014-06-12T23:55:25+08:00 ] 127.0.0.1 /PKM/Check/is_login
INFO: [ app_begin ] --START--
INFO: Run Behavior\ReadHtmlCacheBehavior [ RunTime:0.003000s ]
INFO: [ app_begin ] --END-- [ RunTime:0.005000s ]
SQL: DESCRIBE pkm_user [ RunTime:0.013001s ]
SQL: SELECT `id`,`user`,`pass` FROM `pkm_user` WHERE ( `user` = 'admin' ) AND ( `pass` = '05fe7461c607c33229772d402505601016a7d0ea' ) LIMIT 1   [ RunTime:0.002001s ]
INFO: [ app_end ] --START--
INFO: Run Behavior\ShowPageTraceBehavior [ RunTime:0.003000s ]
INFO: [ app_end ] --END-- [ RunTime:0.004000s ]

[ 2014-06-12T23:55:42+08:00 ] 127.0.0.1 /PKM/Check/is_login
INFO: [ app_begin ] --START--
INFO: Run Behavior\ReadHtmlCacheBehavior [ RunTime:0.005000s ]
INFO: [ app_begin ] --END-- [ RunTime:0.008000s ]
SQL: DESCRIBE pkm_user [ RunTime:0.011000s ]
SQL: SELECT `id`,`user`,`pass` FROM `pkm_user` WHERE ( `user` = 'admin' ) AND ( `pass` = '05fe7461c607c33229772d402505601016a7d0ea' ) LIMIT 1   [ RunTime:0.002001s ]
INFO: [ app_end ] --START--
INFO: Run Behavior\ShowPageTraceBehavior [ RunTime:0.004000s ]
INFO: [ app_end ] --END-- [ RunTime:0.006000s ]

[ 2014-06-12T23:56:18+08:00 ] 127.0.0.1 /PKM/Check/is_user
INFO: [ app_begin ] --START--
INFO: Run Behavior\ReadHtmlCacheBehavior [ RunTime:0.002000s ]
INFO: [ app_begin ] --END-- [ RunTime:0.004001s ]
SQL: DESCRIBE pkm_user [ RunTime:0.012000s ]
SQL: SELECT COUNT(*) AS tp_count FROM `pkm_user` WHERE ( `user` = 'kaixin' ) LIMIT 1   [ RunTime:0.002000s ]
INFO: [ app_end ] --START--
INFO: Run Behavior\ShowPageTraceBehavior [ RunTime:0.003000s ]
INFO: [ app_end ] --END-- [ RunTime:0.003000s ]

[ 2014-06-12T23:56:46+08:00 ] 127.0.0.1 /PKM/Check/is_user
INFO: [ app_begin ] --START--
INFO: Run Behavior\ReadHtmlCacheBehavior [ RunTime:0.002000s ]
INFO: [ app_begin ] --END-- [ RunTime:0.004000s ]
SQL: DESCRIBE pkm_user [ RunTime:0.012001s ]
SQL: SELECT COUNT(*) AS tp_count FROM `pkm_user` WHERE ( `user` = 'kaixin' ) LIMIT 1   [ RunTime:0.002000s ]
INFO: [ app_end ] --START--
INFO: Run Behavior\ShowPageTraceBehavior [ RunTime:0.003000s ]
INFO: [ app_end ] --END-- [ RunTime:0.003000s ]

[ 2014-06-12T23:57:05+08:00 ] 127.0.0.1 /PKM/Check/is_user
INFO: [ app_begin ] --START--
INFO: Run Behavior\ReadHtmlCacheBehavior [ RunTime:0.002000s ]
INFO: [ app_begin ] --END-- [ RunTime:0.004000s ]
SQL: DESCRIBE pkm_user [ RunTime:0.012000s ]
SQL: SELECT COUNT(*) AS tp_count FROM `pkm_user` WHERE ( `user` = 'kaixin' ) LIMIT 1   [ RunTime:0.002000s ]
INFO: [ app_end ] --START--
INFO: Run Behavior\ShowPageTraceBehavior [ RunTime:0.003000s ]
INFO: [ app_end ] --END-- [ RunTime:0.003000s ]

[ 2014-06-12T23:57:05+08:00 ] 127.0.0.1 /PKM/Public/add
INFO: [ app_begin ] --START--
INFO: Run Behavior\ReadHtmlCacheBehavior [ RunTime:0.003001s ]
INFO: [ app_begin ] --END-- [ RunTime:0.005001s ]
SQL: DESCRIBE pkm_user [ RunTime:0.011001s ]
SQL: INSERT INTO `pkm_user` (`user`,`pass`,`ques`,`ans`,`email`,`year`,`month`,`day`,`ps`,`date`) VALUES ('kaixin','b32b68ecfe7e49b064ad3dfa3293d66281f1d674',2,'开心','kaixin@163.com','1967','1','18','kaixn','2014-06-12 23:57:05') [ RunTime:0.009001s ]

